<?xml version="1.0" encoding="UTF-8"?>
<!-- Generated by org.testng.reporters.JUnitReportReporter -->
<testsuite hostname="MBP-de-Nimesha" failures="0" tests="1" name="com.RestAssuredTesting.Places" time="4.597" errors="0" timestamp="2024-02-14T04:32:08 EST" skipped="0">
  <testcase classname="com.RestAssuredTesting.Places" name="searchPlace" time="4.597"/>
</testsuite> <!-- com.RestAssuredTesting.Places -->
