<?xml version="1.0" encoding="UTF-8"?>
<!-- Generated by org.testng.reporters.JUnitReportReporter -->
<testsuite hostname="MBP-de-Nimesha" failures="0" tests="1" name="com.RestAssuredTesting.DeletePost" time="2.898" errors="0" timestamp="2024-02-11T06:13:18 EST" skipped="0">
  <testcase classname="com.RestAssuredTesting.DeletePost" name="deletePost" time="2.898"/>
</testsuite> <!-- com.RestAssuredTesting.DeletePost -->
