<?xml version="1.0" encoding="UTF-8"?>
<!-- Generated by org.testng.reporters.JUnitReportReporter -->
<testsuite hostname="MBP-de-Nimesha" failures="0" tests="1" name="com.RestAssuredTesting.UpdatePost" time="2.997" errors="0" timestamp="2024-02-11T05:52:18 EST" skipped="0">
  <testcase classname="com.RestAssuredTesting.UpdatePost" name="updatePost" time="2.997"/>
</testsuite> <!-- com.RestAssuredTesting.UpdatePost -->
