<?xml version="1.0" encoding="UTF-8"?>
<!-- Generated by org.testng.reporters.JUnitReportReporter -->
<testsuite hostname="MBP-de-Nimesha" failures="0" tests="3" name="com.RestAssuredTesting.AddPost" time="0.791" errors="0" timestamp="2024-02-14T04:32:08 EST" skipped="0">
  <testcase classname="com.RestAssuredTesting.AddPost" name="addPost" time="0.403"/>
  <testcase classname="com.RestAssuredTesting.AddPost" name="getAddedPostCommentor" time="0.162"/>
  <testcase classname="com.RestAssuredTesting.AddPost" name="getAddedPost" time="0.226"/>
</testsuite> <!-- com.RestAssuredTesting.AddPost -->
