<?xml version="1.0" encoding="UTF-8"?>
<!-- Generated by org.testng.reporters.JUnitReportReporter -->
<testsuite hostname="MBP-de-Nimesha" failures="0" tests="1" name="com.RestAssuredTesting.GetPosts" time="0.069" errors="0" timestamp="2024-02-16T08:34:23 EST" skipped="0">
  <testcase classname="com.RestAssuredTesting.GetPosts" name="getPost" time="0.069"/>
</testsuite> <!-- com.RestAssuredTesting.GetPosts -->
