<?xml version="1.0" encoding="UTF-8"?>
<testsuite xmlns:xsi="http://www.w3.org/2001/XMLSchema-instance" xsi:noNamespaceSchemaLocation="https://maven.apache.org/surefire/maven-surefire-plugin/xsd/surefire-test-report-3.0.xsd" version="3.0" name="TestSuite" time="2.139" tests="4" errors="0" skipped="0" failures="0">
  <properties>
    <property name="java.specification.version" value="21"/>
    <property name="sun.jnu.encoding" value="UTF-8"/>
    <property name="java.class.path" value="/Users/nimesha/eclipse-workspace/RestAssuredTesting/target/test-classes:/Users/nimesha/eclipse-workspace/RestAssuredTesting/target/classes:/Users/nimesha/.m2/repository/io/rest-assured/rest-assured/5.4.0/rest-assured-5.4.0.jar:/Users/nimesha/.m2/repository/org/apache/groovy/groovy/4.0.16/groovy-4.0.16.jar:/Users/nimesha/.m2/repository/org/apache/groovy/groovy-xml/4.0.16/groovy-xml-4.0.16.jar:/Users/nimesha/.m2/repository/org/apache/httpcomponents/httpclient/4.5.13/httpclient-4.5.13.jar:/Users/nimesha/.m2/repository/org/apache/httpcomponents/httpcore/4.4.13/httpcore-4.4.13.jar:/Users/nimesha/.m2/repository/commons-logging/commons-logging/1.2/commons-logging-1.2.jar:/Users/nimesha/.m2/repository/commons-codec/commons-codec/1.11/commons-codec-1.11.jar:/Users/nimesha/.m2/repository/org/apache/httpcomponents/httpmime/4.5.13/httpmime-4.5.13.jar:/Users/nimesha/.m2/repository/org/hamcrest/hamcrest/2.2/hamcrest-2.2.jar:/Users/nimesha/.m2/repository/org/ccil/cowan/tagsoup/tagsoup/1.2.1/tagsoup-1.2.1.jar:/Users/nimesha/.m2/repository/io/rest-assured/json-path/5.4.0/json-path-5.4.0.jar:/Users/nimesha/.m2/repository/org/apache/groovy/groovy-json/4.0.16/groovy-json-4.0.16.jar:/Users/nimesha/.m2/repository/io/rest-assured/rest-assured-common/5.4.0/rest-assured-common-5.4.0.jar:/Users/nimesha/.m2/repository/io/rest-assured/xml-path/5.4.0/xml-path-5.4.0.jar:/Users/nimesha/.m2/repository/org/apache/commons/commons-lang3/3.11/commons-lang3-3.11.jar:/Users/nimesha/.m2/repository/org/testng/testng/7.8.0/testng-7.8.0.jar:/Users/nimesha/.m2/repository/org/slf4j/slf4j-api/1.7.36/slf4j-api-1.7.36.jar:/Users/nimesha/.m2/repository/com/beust/jcommander/1.82/jcommander-1.82.jar:/Users/nimesha/.m2/repository/org/webjars/jquery/3.6.1/jquery-3.6.1.jar:/Users/nimesha/.m2/repository/org/apache/logging/log4j/log4j-api/2.22.1/log4j-api-2.22.1.jar:/Users/nimesha/.m2/repository/org/apache/logging/log4j/log4j-core/2.22.1/log4j-core-2.22.1.jar:/Users/nimesha/.m2/repository/com/aventstack/extentreports/5.1.1/extentreports-5.1.1.jar:/Users/nimesha/.m2/repository/io/reactivex/rxjava3/rxjava/3.1.6/rxjava-3.1.6.jar:/Users/nimesha/.m2/repository/org/reactivestreams/reactive-streams/1.0.4/reactive-streams-1.0.4.jar:/Users/nimesha/.m2/repository/org/freemarker/freemarker/2.3.32/freemarker-2.3.32.jar:/Users/nimesha/.m2/repository/org/projectlombok/lombok/1.18.26/lombok-1.18.26.jar:/Users/nimesha/.m2/repository/com/google/code/gson/gson/2.10.1/gson-2.10.1.jar:/Users/nimesha/.m2/repository/com/relevantcodes/extentreports/2.41.2/extentreports-2.41.2.jar:/Users/nimesha/.m2/repository/org/jsoup/jsoup/1.8.3/jsoup-1.8.3.jar:/Users/nimesha/.m2/repository/org/xerial/sqlite-jdbc/3.8.11.1/sqlite-jdbc-3.8.11.1.jar:/Users/nimesha/.m2/repository/org/mongodb/mongodb-driver/3.0.4/mongodb-driver-3.0.4.jar:/Users/nimesha/.m2/repository/org/mongodb/bson/3.0.4/bson-3.0.4.jar:/Users/nimesha/.m2/repository/org/mongodb/mongodb-driver-core/3.0.4/mongodb-driver-core-3.0.4.jar:"/>
    <property name="java.vm.vendor" value="Homebrew"/>
    <property name="sun.arch.data.model" value="64"/>
    <property name="java.vendor.url" value="https://github.com/Homebrew/homebrew-core/issues"/>
    <property name="user.timezone" value="America/Toronto"/>
    <property name="os.name" value="Mac OS X"/>
    <property name="java.vm.specification.version" value="21"/>
    <property name="sun.java.launcher" value="SUN_STANDARD"/>
    <property name="user.country" value="CA"/>
    <property name="sun.boot.library.path" value="/opt/homebrew/Cellar/openjdk/21.0.1/libexec/openjdk.jdk/Contents/Home/lib"/>
    <property name="sun.java.command" value="/Users/nimesha/eclipse-workspace/RestAssuredTesting/target/surefire/surefirebooter-20240216083420852_3.jar /Users/nimesha/eclipse-workspace/RestAssuredTesting/target/surefire 2024-02-16T08-34-20_790-jvmRun1 surefire-20240216083420852_1tmp surefire_0-20240216083420852_2tmp"/>
    <property name="http.nonProxyHosts" value="local|*.local|169.254/16|*.169.254/16"/>
    <property name="jdk.debug" value="release"/>
    <property name="surefire.test.class.path" value="/Users/nimesha/eclipse-workspace/RestAssuredTesting/target/test-classes:/Users/nimesha/eclipse-workspace/RestAssuredTesting/target/classes:/Users/nimesha/.m2/repository/io/rest-assured/rest-assured/5.4.0/rest-assured-5.4.0.jar:/Users/nimesha/.m2/repository/org/apache/groovy/groovy/4.0.16/groovy-4.0.16.jar:/Users/nimesha/.m2/repository/org/apache/groovy/groovy-xml/4.0.16/groovy-xml-4.0.16.jar:/Users/nimesha/.m2/repository/org/apache/httpcomponents/httpclient/4.5.13/httpclient-4.5.13.jar:/Users/nimesha/.m2/repository/org/apache/httpcomponents/httpcore/4.4.13/httpcore-4.4.13.jar:/Users/nimesha/.m2/repository/commons-logging/commons-logging/1.2/commons-logging-1.2.jar:/Users/nimesha/.m2/repository/commons-codec/commons-codec/1.11/commons-codec-1.11.jar:/Users/nimesha/.m2/repository/org/apache/httpcomponents/httpmime/4.5.13/httpmime-4.5.13.jar:/Users/nimesha/.m2/repository/org/hamcrest/hamcrest/2.2/hamcrest-2.2.jar:/Users/nimesha/.m2/repository/org/ccil/cowan/tagsoup/tagsoup/1.2.1/tagsoup-1.2.1.jar:/Users/nimesha/.m2/repository/io/rest-assured/json-path/5.4.0/json-path-5.4.0.jar:/Users/nimesha/.m2/repository/org/apache/groovy/groovy-json/4.0.16/groovy-json-4.0.16.jar:/Users/nimesha/.m2/repository/io/rest-assured/rest-assured-common/5.4.0/rest-assured-common-5.4.0.jar:/Users/nimesha/.m2/repository/io/rest-assured/xml-path/5.4.0/xml-path-5.4.0.jar:/Users/nimesha/.m2/repository/org/apache/commons/commons-lang3/3.11/commons-lang3-3.11.jar:/Users/nimesha/.m2/repository/org/testng/testng/7.8.0/testng-7.8.0.jar:/Users/nimesha/.m2/repository/org/slf4j/slf4j-api/1.7.36/slf4j-api-1.7.36.jar:/Users/nimesha/.m2/repository/com/beust/jcommander/1.82/jcommander-1.82.jar:/Users/nimesha/.m2/repository/org/webjars/jquery/3.6.1/jquery-3.6.1.jar:/Users/nimesha/.m2/repository/org/apache/logging/log4j/log4j-api/2.22.1/log4j-api-2.22.1.jar:/Users/nimesha/.m2/repository/org/apache/logging/log4j/log4j-core/2.22.1/log4j-core-2.22.1.jar:/Users/nimesha/.m2/repository/com/aventstack/extentreports/5.1.1/extentreports-5.1.1.jar:/Users/nimesha/.m2/repository/io/reactivex/rxjava3/rxjava/3.1.6/rxjava-3.1.6.jar:/Users/nimesha/.m2/repository/org/reactivestreams/reactive-streams/1.0.4/reactive-streams-1.0.4.jar:/Users/nimesha/.m2/repository/org/freemarker/freemarker/2.3.32/freemarker-2.3.32.jar:/Users/nimesha/.m2/repository/org/projectlombok/lombok/1.18.26/lombok-1.18.26.jar:/Users/nimesha/.m2/repository/com/google/code/gson/gson/2.10.1/gson-2.10.1.jar:/Users/nimesha/.m2/repository/com/relevantcodes/extentreports/2.41.2/extentreports-2.41.2.jar:/Users/nimesha/.m2/repository/org/jsoup/jsoup/1.8.3/jsoup-1.8.3.jar:/Users/nimesha/.m2/repository/org/xerial/sqlite-jdbc/3.8.11.1/sqlite-jdbc-3.8.11.1.jar:/Users/nimesha/.m2/repository/org/mongodb/mongodb-driver/3.0.4/mongodb-driver-3.0.4.jar:/Users/nimesha/.m2/repository/org/mongodb/bson/3.0.4/bson-3.0.4.jar:/Users/nimesha/.m2/repository/org/mongodb/mongodb-driver-core/3.0.4/mongodb-driver-core-3.0.4.jar:"/>
    <property name="sun.cpu.endian" value="little"/>
    <property name="user.home" value="/Users/nimesha"/>
    <property name="user.language" value="en"/>
    <property name="java.specification.vendor" value="Oracle Corporation"/>
    <property name="java.version.date" value="2023-10-17"/>
    <property name="java.home" value="/opt/homebrew/Cellar/openjdk/21.0.1/libexec/openjdk.jdk/Contents/Home"/>
    <property name="file.separator" value="/"/>
    <property name="basedir" value="/Users/nimesha/eclipse-workspace/RestAssuredTesting"/>
    <property name="java.vm.compressedOopsMode" value="Zero based"/>
    <property name="line.separator" value="&#10;"/>
    <property name="java.vm.specification.vendor" value="Oracle Corporation"/>
    <property name="java.specification.name" value="Java Platform API Specification"/>
    <property name="apple.awt.application.name" value="ForkedBooter"/>
    <property name="surefire.real.class.path" value="/Users/nimesha/eclipse-workspace/RestAssuredTesting/target/surefire/surefirebooter-20240216083420852_3.jar"/>
    <property name="sun.management.compiler" value="HotSpot 64-Bit Tiered Compilers"/>
    <property name="ftp.nonProxyHosts" value="local|*.local|169.254/16|*.169.254/16"/>
    <property name="java.runtime.version" value="21.0.1"/>
    <property name="user.name" value="nimesha"/>
    <property name="stdout.encoding" value="UTF-8"/>
    <property name="path.separator" value=":"/>
    <property name="os.version" value="14.2.1"/>
    <property name="java.runtime.name" value="OpenJDK Runtime Environment"/>
    <property name="file.encoding" value="UTF-8"/>
    <property name="java.vm.name" value="OpenJDK 64-Bit Server VM"/>
    <property name="java.vendor.version" value="Homebrew"/>
    <property name="localRepository" value="/Users/nimesha/.m2/repository"/>
    <property name="java.vendor.url.bug" value="https://github.com/Homebrew/homebrew-core/issues"/>
    <property name="java.io.tmpdir" value="/var/folders/j3/0152nwjn6hdg4x00ydwpht0c0000gn/T/"/>
    <property name="java.version" value="21.0.1"/>
    <property name="user.dir" value="/Users/nimesha/eclipse-workspace/RestAssuredTesting"/>
    <property name="os.arch" value="aarch64"/>
    <property name="java.vm.specification.name" value="Java Virtual Machine Specification"/>
    <property name="native.encoding" value="UTF-8"/>
    <property name="java.library.path" value="/Users/nimesha/Library/Java/Extensions:/Library/Java/Extensions:/Network/Library/Java/Extensions:/System/Library/Java/Extensions:/usr/lib/java:."/>
    <property name="java.vm.info" value="mixed mode, sharing"/>
    <property name="stderr.encoding" value="UTF-8"/>
    <property name="java.vendor" value="Homebrew"/>
    <property name="java.vm.version" value="21.0.1"/>
    <property name="sun.io.unicode.encoding" value="UnicodeBig"/>
    <property name="socksNonProxyHosts" value="local|*.local|169.254/16|*.169.254/16"/>
    <property name="java.class.version" value="65.0"/>
  </properties>
  <testcase name="deletePost" classname="com.RestAssuredTesting.DeletePost" time="0.796">
    <system-err><![CDATA[SLF4J: Failed to load class "org.slf4j.impl.StaticLoggerBinder".
SLF4J: Defaulting to no-operation (NOP) logger implementation
SLF4J: See http://www.slf4j.org/codes.html#StaticLoggerBinder for further details.
]]></system-err>
  </testcase>
  <testcase name="getComments" classname="com.RestAssuredTesting.GetPostComments" time="0.355">
    <system-out><![CDATA[08:34:22.688 [TestNG-tests-1] ERROR com.RestAssuredTesting.GetPostComments - The error is for the log4j testing perpose from getComments
]]></system-out>
  </testcase>
  <testcase name="getPost" classname="com.RestAssuredTesting.GetPosts" time="0.07">
    <system-out><![CDATA[08:34:22.763 [TestNG-tests-1] ERROR com.RestAssuredTesting.GetPosts - The error is for the log4j testing perpose from getPost
]]></system-out>
  </testcase>
  <testcase name="updatePost" classname="com.RestAssuredTesting.UpdatePost" time="0.136">
    <system-out><![CDATA[08:34:22.899 [TestNG-tests-1] ERROR com.RestAssuredTesting.UpdatePost - The error is for the log4j testing perpose from updatePost
]]></system-out>
  </testcase>
</testsuite>